<component name="libraryTable">
  <library name="JUNIT4">
    <CLASSES>
      <root url="file://$PROJECT_DIR$/JUNIT4" />
    </CLASSES>
    <JAVADOC />
    <SOURCES />
    <jarDirectory url="file://$PROJECT_DIR$/JUNIT4" recursive="false" />
  </library>
</component>